<?xml version="1.0" encoding="UTF-8"?>
<!-- Generated by org.testng.reporters.JUnitReportReporter -->
<testsuite hostname="QT-INBG-LT0232" failures="0" tests="2" name="Mobile.Order" time="20.394" errors="0" timestamp="2022-07-18T09:54:27 IST" skipped="0">
  <testcase classname="Mobile.Order" name="order" time="11.050"/>
  <system-out/>
  <testcase classname="Mobile.Order" name="order" time="9.344"/>
  <system-out/>
</testsuite> <!-- Mobile.Order -->
