<?xml version="1.0" encoding="UTF-8"?>
<!-- Generated by org.testng.reporters.JUnitReportReporter -->
<testsuite hostname="QT-INBG-LT0232" failures="0" tests="2" name="Mobile.Support" time="19.039" errors="0" timestamp="2022-07-15T14:44:52 IST" skipped="0">
  <testcase classname="Mobile.Support" name="support" time="10.169"/>
  <system-out/>
  <testcase classname="Mobile.Support" name="support" time="8.870"/>
  <system-out/>
</testsuite> <!-- Mobile.Support -->
