<?xml version="1.0" encoding="UTF-8"?>
<!-- Generated by org.testng.reporters.JUnitReportReporter -->
<testsuite hostname="QT-INBG-LT0232" failures="0" tests="2" name="Mobile.LoginScript" time="17.811" errors="0" timestamp="2022-07-25T12:24:08 IST" skipped="0">
  <testcase classname="Mobile.LoginScript" name="login1" time="10.281"/>
  <system-out/>
  <testcase classname="Mobile.LoginScript" name="login1" time="7.530"/>
  <system-out/>
</testsuite> <!-- Mobile.LoginScript -->
